2024/01/08 20:13:45 [notice] 1#1: using the "epoll" event method
2024/01/08 20:13:45 [notice] 1#1: nginx/1.25.3
2024/01/08 20:13:45 [notice] 1#1: built by gcc 12.2.0 (Debian 12.2.0-14) 
2024/01/08 20:13:45 [notice] 1#1: OS: Linux 5.10.102.1-microsoft-standard-WSL2
2024/01/08 20:13:45 [notice] 1#1: getrlimit(RLIMIT_NOFILE): 1048576:1048576
2024/01/08 20:13:45 [notice] 1#1: start worker processes
2024/01/08 20:13:45 [notice] 1#1: start worker process 29
2024/01/08 20:13:45 [notice] 1#1: start worker process 30
2024/01/08 20:13:45 [notice] 1#1: start worker process 31
2024/01/08 20:13:45 [notice] 1#1: start worker process 32
2024/01/08 20:17:44 [error] 29#29: *1 directory index of "/usr/share/nginx/html/" is forbidden, client: 172.31.0.1, server: localhost, request: "GET / HTTP/1.1", host: "localhost:8080"
2024/01/08 20:17:44 [error] 29#29: *1 open() "/usr/share/nginx/html/favicon.ico" failed (2: No such file or directory), client: 172.31.0.1, server: localhost, request: "GET /favicon.ico HTTP/1.1", host: "localhost:8080", referrer: "http://localhost:8080/"
2024/01/08 20:17:49 [error] 29#29: *1 directory index of "/usr/share/nginx/html/" is forbidden, client: 172.31.0.1, server: localhost, request: "GET / HTTP/1.1", host: "localhost:8080"
2024/01/08 20:17:52 [error] 29#29: *1 directory index of "/usr/share/nginx/html/" is forbidden, client: 172.31.0.1, server: localhost, request: "GET / HTTP/1.1", host: "localhost:8080"
2024/01/08 20:17:53 [error] 29#29: *1 directory index of "/usr/share/nginx/html/" is forbidden, client: 172.31.0.1, server: localhost, request: "GET / HTTP/1.1", host: "localhost:8080"
2024/01/08 20:17:53 [error] 29#29: *1 directory index of "/usr/share/nginx/html/" is forbidden, client: 172.31.0.1, server: localhost, request: "GET / HTTP/1.1", host: "localhost:8080"
2024/01/08 20:17:53 [error] 29#29: *1 directory index of "/usr/share/nginx/html/" is forbidden, client: 172.31.0.1, server: localhost, request: "GET / HTTP/1.1", host: "localhost:8080"
2024/01/08 20:17:54 [error] 29#29: *1 directory index of "/usr/share/nginx/html/" is forbidden, client: 172.31.0.1, server: localhost, request: "GET / HTTP/1.1", host: "localhost:8080"
2024/01/08 20:17:54 [error] 29#29: *1 directory index of "/usr/share/nginx/html/" is forbidden, client: 172.31.0.1, server: localhost, request: "GET / HTTP/1.1", host: "localhost:8080"
2024/01/08 20:17:55 [error] 29#29: *1 directory index of "/usr/share/nginx/html/" is forbidden, client: 172.31.0.1, server: localhost, request: "GET / HTTP/1.1", host: "localhost:8080"
2024/01/08 20:17:55 [error] 29#29: *1 directory index of "/usr/share/nginx/html/" is forbidden, client: 172.31.0.1, server: localhost, request: "GET / HTTP/1.1", host: "localhost:8080"
2024/01/08 20:17:55 [error] 29#29: *1 directory index of "/usr/share/nginx/html/" is forbidden, client: 172.31.0.1, server: localhost, request: "GET / HTTP/1.1", host: "localhost:8080"
2024/01/08 20:17:55 [error] 29#29: *1 directory index of "/usr/share/nginx/html/" is forbidden, client: 172.31.0.1, server: localhost, request: "GET / HTTP/1.1", host: "localhost:8080"
2024/01/08 20:17:56 [error] 29#29: *1 directory index of "/usr/share/nginx/html/" is forbidden, client: 172.31.0.1, server: localhost, request: "GET / HTTP/1.1", host: "localhost:8080"
2024/01/08 20:17:57 [error] 29#29: *1 directory index of "/usr/share/nginx/html/" is forbidden, client: 172.31.0.1, server: localhost, request: "GET / HTTP/1.1", host: "localhost:8080"
2024/01/08 20:17:57 [error] 29#29: *1 directory index of "/usr/share/nginx/html/" is forbidden, client: 172.31.0.1, server: localhost, request: "GET / HTTP/1.1", host: "localhost:8080"
2024/01/08 20:17:58 [error] 29#29: *1 directory index of "/usr/share/nginx/html/" is forbidden, client: 172.31.0.1, server: localhost, request: "GET / HTTP/1.1", host: "localhost:8080"
2024/01/08 20:17:58 [error] 29#29: *1 directory index of "/usr/share/nginx/html/" is forbidden, client: 172.31.0.1, server: localhost, request: "GET / HTTP/1.1", host: "localhost:8080"
2024/01/08 20:17:58 [error] 29#29: *1 directory index of "/usr/share/nginx/html/" is forbidden, client: 172.31.0.1, server: localhost, request: "GET / HTTP/1.1", host: "localhost:8080"
2024/01/08 20:18:00 [error] 29#29: *1 directory index of "/usr/share/nginx/html/" is forbidden, client: 172.31.0.1, server: localhost, request: "GET / HTTP/1.1", host: "localhost:8080"
2024/01/08 20:18:00 [error] 29#29: *1 directory index of "/usr/share/nginx/html/" is forbidden, client: 172.31.0.1, server: localhost, request: "GET / HTTP/1.1", host: "localhost:8080"
2024/01/08 20:18:00 [error] 29#29: *1 directory index of "/usr/share/nginx/html/" is forbidden, client: 172.31.0.1, server: localhost, request: "GET / HTTP/1.1", host: "localhost:8080"
2024/01/08 20:18:02 [error] 29#29: *1 directory index of "/usr/share/nginx/html/" is forbidden, client: 172.31.0.1, server: localhost, request: "GET / HTTP/1.1", host: "localhost:8080"
2024/01/08 20:23:16 [error] 32#32: *4 directory index of "/usr/share/nginx/html/" is forbidden, client: 172.31.0.1, server: localhost, request: "GET / HTTP/1.1", host: "localhost:8080"
2024/01/08 20:23:17 [error] 32#32: *4 directory index of "/usr/share/nginx/html/" is forbidden, client: 172.31.0.1, server: localhost, request: "GET / HTTP/1.1", host: "localhost:8080"
2024/01/08 20:23:17 [error] 32#32: *4 directory index of "/usr/share/nginx/html/" is forbidden, client: 172.31.0.1, server: localhost, request: "GET / HTTP/1.1", host: "localhost:8080"
2024/01/08 20:30:07 [notice] 1#1: signal 3 (SIGQUIT) received, shutting down
2024/01/08 20:30:07 [notice] 29#29: gracefully shutting down
2024/01/08 20:30:07 [notice] 31#31: gracefully shutting down
2024/01/08 20:30:07 [notice] 30#30: gracefully shutting down
2024/01/08 20:30:07 [notice] 32#32: gracefully shutting down
2024/01/08 20:30:07 [notice] 32#32: exiting
2024/01/08 20:30:07 [notice] 29#29: exiting
2024/01/08 20:30:07 [notice] 31#31: exiting
2024/01/08 20:30:07 [notice] 30#30: exiting
2024/01/08 20:30:07 [notice] 30#30: exit
2024/01/08 20:30:07 [notice] 32#32: exit
2024/01/08 20:30:07 [notice] 29#29: exit
2024/01/08 20:30:07 [notice] 31#31: exit
2024/01/08 20:30:08 [notice] 1#1: signal 17 (SIGCHLD) received from 30
2024/01/08 20:30:08 [notice] 1#1: worker process 30 exited with code 0
2024/01/08 20:30:08 [notice] 1#1: worker process 32 exited with code 0
2024/01/08 20:30:08 [notice] 1#1: signal 29 (SIGIO) received
2024/01/08 20:30:08 [notice] 1#1: signal 17 (SIGCHLD) received from 32
2024/01/08 20:30:08 [notice] 1#1: worker process 29 exited with code 0
2024/01/08 20:30:08 [notice] 1#1: signal 29 (SIGIO) received
2024/01/08 20:30:08 [notice] 1#1: signal 17 (SIGCHLD) received from 29
2024/01/08 20:30:08 [notice] 1#1: worker process 31 exited with code 0
2024/01/08 20:30:08 [notice] 1#1: exit
2024/01/08 20:31:46 [notice] 1#1: using the "epoll" event method
2024/01/08 20:31:46 [notice] 1#1: nginx/1.25.3
2024/01/08 20:31:46 [notice] 1#1: built by gcc 12.2.0 (Debian 12.2.0-14) 
2024/01/08 20:31:46 [notice] 1#1: OS: Linux 5.10.102.1-microsoft-standard-WSL2
2024/01/08 20:31:46 [notice] 1#1: getrlimit(RLIMIT_NOFILE): 1048576:1048576
2024/01/08 20:31:46 [notice] 1#1: start worker processes
2024/01/08 20:31:46 [notice] 1#1: start worker process 29
2024/01/08 20:31:46 [notice] 1#1: start worker process 30
2024/01/08 20:31:46 [notice] 1#1: start worker process 31
2024/01/08 20:31:46 [notice] 1#1: start worker process 32
2024/01/08 20:36:52 [error] 30#30: *2 directory index of "/usr/share/nginx/html/" is forbidden, client: 192.168.32.1, server: localhost, request: "GET / HTTP/1.1", host: "localhost:8080"
2024/01/08 20:36:53 [error] 30#30: *2 directory index of "/usr/share/nginx/html/" is forbidden, client: 192.168.32.1, server: localhost, request: "GET / HTTP/1.1", host: "localhost:8080"
2024/01/08 20:36:53 [error] 30#30: *2 directory index of "/usr/share/nginx/html/" is forbidden, client: 192.168.32.1, server: localhost, request: "GET / HTTP/1.1", host: "localhost:8080"
2024/01/08 20:36:53 [error] 30#30: *2 directory index of "/usr/share/nginx/html/" is forbidden, client: 192.168.32.1, server: localhost, request: "GET / HTTP/1.1", host: "localhost:8080"
2024/01/08 20:36:53 [error] 30#30: *2 directory index of "/usr/share/nginx/html/" is forbidden, client: 192.168.32.1, server: localhost, request: "GET / HTTP/1.1", host: "localhost:8080"
2024/01/08 20:36:54 [error] 30#30: *2 directory index of "/usr/share/nginx/html/" is forbidden, client: 192.168.32.1, server: localhost, request: "GET / HTTP/1.1", host: "localhost:8080"
2024/01/08 20:43:15 [notice] 1#1: signal 3 (SIGQUIT) received, shutting down
2024/01/08 20:43:15 [notice] 31#31: gracefully shutting down
2024/01/08 20:43:15 [notice] 29#29: gracefully shutting down
2024/01/08 20:43:15 [notice] 29#29: exiting
2024/01/08 20:43:15 [notice] 32#32: gracefully shutting down
2024/01/08 20:43:15 [notice] 32#32: exiting
2024/01/08 20:43:15 [notice] 30#30: gracefully shutting down
2024/01/08 20:43:15 [notice] 31#31: exiting
2024/01/08 20:43:15 [notice] 31#31: exit
2024/01/08 20:43:15 [notice] 29#29: exit
2024/01/08 20:43:15 [notice] 32#32: exit
2024/01/08 20:43:15 [notice] 30#30: exiting
2024/01/08 20:43:15 [notice] 30#30: exit
2024/01/08 20:43:15 [notice] 1#1: signal 17 (SIGCHLD) received from 29
2024/01/08 20:43:15 [notice] 1#1: worker process 29 exited with code 0
2024/01/08 20:43:15 [notice] 1#1: worker process 32 exited with code 0
2024/01/08 20:43:15 [notice] 1#1: signal 29 (SIGIO) received
2024/01/08 20:43:15 [notice] 1#1: signal 17 (SIGCHLD) received from 31
2024/01/08 20:43:15 [notice] 1#1: worker process 30 exited with code 0
2024/01/08 20:43:15 [notice] 1#1: worker process 31 exited with code 0
2024/01/08 20:43:15 [notice] 1#1: exit
2024/01/08 20:45:41 [notice] 1#1: using the "epoll" event method
2024/01/08 20:45:41 [notice] 1#1: nginx/1.25.3
2024/01/08 20:45:41 [notice] 1#1: built by gcc 12.2.0 (Debian 12.2.0-14) 
2024/01/08 20:45:41 [notice] 1#1: OS: Linux 5.10.102.1-microsoft-standard-WSL2
2024/01/08 20:45:41 [notice] 1#1: getrlimit(RLIMIT_NOFILE): 1048576:1048576
2024/01/08 20:45:41 [notice] 1#1: start worker processes
2024/01/08 20:45:41 [notice] 1#1: start worker process 29
2024/01/08 20:45:41 [notice] 1#1: start worker process 30
2024/01/08 20:45:41 [notice] 1#1: start worker process 31
2024/01/08 20:45:41 [notice] 1#1: start worker process 32
2024/01/08 20:46:12 [notice] 1#1: signal 3 (SIGQUIT) received, shutting down
2024/01/08 20:46:12 [notice] 29#29: gracefully shutting down
2024/01/08 20:46:12 [notice] 30#30: gracefully shutting down
2024/01/08 20:46:12 [notice] 31#31: gracefully shutting down
2024/01/08 20:46:12 [notice] 32#32: gracefully shutting down
2024/01/08 20:46:12 [notice] 29#29: exiting
2024/01/08 20:46:12 [notice] 30#30: exiting
2024/01/08 20:46:12 [notice] 31#31: exiting
2024/01/08 20:46:12 [notice] 32#32: exiting
2024/01/08 20:46:12 [notice] 29#29: exit
2024/01/08 20:46:12 [notice] 30#30: exit
2024/01/08 20:46:12 [notice] 31#31: exit
2024/01/08 20:46:12 [notice] 32#32: exit
2024/01/08 20:46:12 [notice] 1#1: signal 17 (SIGCHLD) received from 31
2024/01/08 20:46:12 [notice] 1#1: worker process 31 exited with code 0
2024/01/08 20:46:12 [notice] 1#1: signal 29 (SIGIO) received
2024/01/08 20:46:12 [notice] 1#1: signal 17 (SIGCHLD) received from 30
2024/01/08 20:46:12 [notice] 1#1: worker process 30 exited with code 0
2024/01/08 20:46:12 [notice] 1#1: signal 29 (SIGIO) received
2024/01/08 20:46:12 [notice] 1#1: signal 17 (SIGCHLD) received from 29
2024/01/08 20:46:12 [notice] 1#1: worker process 29 exited with code 0
2024/01/08 20:46:12 [notice] 1#1: signal 29 (SIGIO) received
2024/01/08 20:46:12 [notice] 1#1: signal 17 (SIGCHLD) received from 32
2024/01/08 20:46:12 [notice] 1#1: worker process 32 exited with code 0
2024/01/08 20:46:12 [notice] 1#1: exit
2024/01/08 20:49:04 [notice] 1#1: using the "epoll" event method
2024/01/08 20:49:04 [notice] 1#1: nginx/1.25.3
2024/01/08 20:49:04 [notice] 1#1: built by gcc 12.2.0 (Debian 12.2.0-14) 
2024/01/08 20:49:04 [notice] 1#1: OS: Linux 5.10.102.1-microsoft-standard-WSL2
2024/01/08 20:49:04 [notice] 1#1: getrlimit(RLIMIT_NOFILE): 1048576:1048576
2024/01/08 20:49:04 [notice] 1#1: start worker processes
2024/01/08 20:49:04 [notice] 1#1: start worker process 29
2024/01/08 20:49:04 [notice] 1#1: start worker process 30
2024/01/08 20:49:04 [notice] 1#1: start worker process 31
2024/01/08 20:49:04 [notice] 1#1: start worker process 32
2024/01/08 20:50:05 [notice] 1#1: signal 3 (SIGQUIT) received, shutting down
2024/01/08 20:50:05 [notice] 29#29: gracefully shutting down
2024/01/08 20:50:05 [notice] 31#31: gracefully shutting down
2024/01/08 20:50:05 [notice] 31#31: exiting
2024/01/08 20:50:05 [notice] 30#30: gracefully shutting down
2024/01/08 20:50:05 [notice] 30#30: exiting
2024/01/08 20:50:05 [notice] 32#32: gracefully shutting down
2024/01/08 20:50:05 [notice] 29#29: exiting
2024/01/08 20:50:05 [notice] 31#31: exit
2024/01/08 20:50:05 [notice] 30#30: exit
2024/01/08 20:50:05 [notice] 32#32: exiting
2024/01/08 20:50:05 [notice] 29#29: exit
2024/01/08 20:50:05 [notice] 32#32: exit
2024/01/08 20:50:05 [notice] 1#1: signal 17 (SIGCHLD) received from 32
2024/01/08 20:50:05 [notice] 1#1: worker process 29 exited with code 0
2024/01/08 20:50:05 [notice] 1#1: worker process 31 exited with code 0
2024/01/08 20:50:05 [notice] 1#1: worker process 30 exited with code 0
2024/01/08 20:50:05 [notice] 1#1: worker process 32 exited with code 0
2024/01/08 20:50:05 [notice] 1#1: exit
2024/01/08 20:51:15 [notice] 1#1: using the "epoll" event method
2024/01/08 20:51:15 [notice] 1#1: nginx/1.25.3
2024/01/08 20:51:15 [notice] 1#1: built by gcc 12.2.0 (Debian 12.2.0-14) 
2024/01/08 20:51:15 [notice] 1#1: OS: Linux 5.10.102.1-microsoft-standard-WSL2
2024/01/08 20:51:15 [notice] 1#1: getrlimit(RLIMIT_NOFILE): 1048576:1048576
2024/01/08 20:51:15 [notice] 1#1: start worker processes
2024/01/08 20:51:15 [notice] 1#1: start worker process 29
2024/01/08 20:51:15 [notice] 1#1: start worker process 30
2024/01/08 20:51:15 [notice] 1#1: start worker process 31
2024/01/08 20:51:15 [notice] 1#1: start worker process 32
2024/01/08 20:51:26 [error] 29#29: *1 directory index of "/usr/share/nginx/html/" is forbidden, client: 192.168.128.1, server: localhost, request: "GET / HTTP/1.1", host: "localhost:8080"
2024/01/08 20:51:26 [error] 29#29: *1 directory index of "/usr/share/nginx/html/" is forbidden, client: 192.168.128.1, server: localhost, request: "GET / HTTP/1.1", host: "localhost:8080"
2024/01/08 20:51:27 [error] 29#29: *1 directory index of "/usr/share/nginx/html/" is forbidden, client: 192.168.128.1, server: localhost, request: "GET / HTTP/1.1", host: "localhost:8080"
2024/01/08 20:51:27 [error] 29#29: *1 directory index of "/usr/share/nginx/html/" is forbidden, client: 192.168.128.1, server: localhost, request: "GET / HTTP/1.1", host: "localhost:8080"
2024/01/08 20:51:27 [error] 29#29: *1 directory index of "/usr/share/nginx/html/" is forbidden, client: 192.168.128.1, server: localhost, request: "GET / HTTP/1.1", host: "localhost:8080"
2024/01/08 20:51:27 [error] 29#29: *1 directory index of "/usr/share/nginx/html/" is forbidden, client: 192.168.128.1, server: localhost, request: "GET / HTTP/1.1", host: "localhost:8080"
2024/01/08 20:51:34 [error] 29#29: *1 directory index of "/usr/share/nginx/html/" is forbidden, client: 192.168.128.1, server: localhost, request: "GET / HTTP/1.1", host: "localhost:8080"
2024/01/08 20:51:35 [error] 29#29: *1 directory index of "/usr/share/nginx/html/" is forbidden, client: 192.168.128.1, server: localhost, request: "GET / HTTP/1.1", host: "localhost:8080"
2024/01/08 20:51:35 [error] 29#29: *1 directory index of "/usr/share/nginx/html/" is forbidden, client: 192.168.128.1, server: localhost, request: "GET / HTTP/1.1", host: "localhost:8080"
2024/01/08 20:51:35 [error] 29#29: *1 directory index of "/usr/share/nginx/html/" is forbidden, client: 192.168.128.1, server: localhost, request: "GET / HTTP/1.1", host: "localhost:8080"
2024/01/08 20:51:35 [error] 29#29: *1 directory index of "/usr/share/nginx/html/" is forbidden, client: 192.168.128.1, server: localhost, request: "GET / HTTP/1.1", host: "localhost:8080"
2024/01/08 20:55:00 [notice] 1#1: signal 3 (SIGQUIT) received, shutting down
2024/01/08 20:55:00 [notice] 30#30: gracefully shutting down
2024/01/08 20:55:00 [notice] 30#30: exiting
2024/01/08 20:55:00 [notice] 30#30: exit
2024/01/08 20:55:00 [notice] 31#31: gracefully shutting down
2024/01/08 20:55:00 [notice] 31#31: exiting
2024/01/08 20:55:00 [notice] 32#32: gracefully shutting down
2024/01/08 20:55:00 [notice] 29#29: gracefully shutting down
2024/01/08 20:55:00 [notice] 31#31: exit
2024/01/08 20:55:00 [notice] 32#32: exiting
2024/01/08 20:55:00 [notice] 29#29: exiting
2024/01/08 20:55:00 [notice] 32#32: exit
2024/01/08 20:55:00 [notice] 29#29: exit
2024/01/08 20:55:00 [notice] 1#1: signal 17 (SIGCHLD) received from 30
2024/01/08 20:55:00 [notice] 1#1: worker process 30 exited with code 0
2024/01/08 20:55:00 [notice] 1#1: signal 29 (SIGIO) received
2024/01/08 20:55:00 [notice] 1#1: signal 17 (SIGCHLD) received from 31
2024/01/08 20:55:00 [notice] 1#1: worker process 31 exited with code 0
2024/01/08 20:55:00 [notice] 1#1: signal 29 (SIGIO) received
2024/01/08 20:55:00 [notice] 1#1: signal 17 (SIGCHLD) received from 29
2024/01/08 20:55:00 [notice] 1#1: worker process 29 exited with code 0
2024/01/08 20:55:00 [notice] 1#1: signal 29 (SIGIO) received
2024/01/08 20:55:00 [notice] 1#1: signal 17 (SIGCHLD) received from 32
2024/01/08 20:55:00 [notice] 1#1: worker process 32 exited with code 0
2024/01/08 20:55:00 [notice] 1#1: exit
2024/01/08 20:56:52 [notice] 1#1: using the "epoll" event method
2024/01/08 20:56:52 [notice] 1#1: nginx/1.25.3
2024/01/08 20:56:52 [notice] 1#1: built by gcc 12.2.0 (Debian 12.2.0-14) 
2024/01/08 20:56:52 [notice] 1#1: OS: Linux 5.10.102.1-microsoft-standard-WSL2
2024/01/08 20:56:52 [notice] 1#1: getrlimit(RLIMIT_NOFILE): 1048576:1048576
2024/01/08 20:56:52 [notice] 1#1: start worker processes
2024/01/08 20:56:52 [notice] 1#1: start worker process 29
2024/01/08 20:56:52 [notice] 1#1: start worker process 30
2024/01/08 20:56:52 [notice] 1#1: start worker process 31
2024/01/08 20:56:52 [notice] 1#1: start worker process 32
2024/01/08 20:57:43 [notice] 1#1: signal 3 (SIGQUIT) received, shutting down
2024/01/08 20:57:43 [notice] 29#29: gracefully shutting down
2024/01/08 20:57:43 [notice] 29#29: exiting
2024/01/08 20:57:43 [notice] 29#29: exit
2024/01/08 20:57:43 [notice] 30#30: gracefully shutting down
2024/01/08 20:57:43 [notice] 30#30: exiting
2024/01/08 20:57:43 [notice] 30#30: exit
2024/01/08 20:57:43 [notice] 32#32: gracefully shutting down
2024/01/08 20:57:43 [notice] 32#32: exiting
2024/01/08 20:57:43 [notice] 32#32: exit
2024/01/08 20:57:43 [notice] 31#31: gracefully shutting down
2024/01/08 20:57:43 [notice] 31#31: exiting
2024/01/08 20:57:43 [notice] 31#31: exit
2024/01/08 20:57:44 [notice] 1#1: signal 17 (SIGCHLD) received from 32
2024/01/08 20:57:44 [notice] 1#1: worker process 32 exited with code 0
2024/01/08 20:57:44 [notice] 1#1: signal 29 (SIGIO) received
2024/01/08 20:57:44 [notice] 1#1: signal 17 (SIGCHLD) received from 31
2024/01/08 20:57:44 [notice] 1#1: worker process 29 exited with code 0
2024/01/08 20:57:44 [notice] 1#1: worker process 30 exited with code 0
2024/01/08 20:57:44 [notice] 1#1: worker process 31 exited with code 0
2024/01/08 20:57:44 [notice] 1#1: exit
2024/01/08 20:58:10 [notice] 1#1: using the "epoll" event method
2024/01/08 20:58:10 [notice] 1#1: nginx/1.25.3
2024/01/08 20:58:10 [notice] 1#1: built by gcc 12.2.0 (Debian 12.2.0-14) 
2024/01/08 20:58:10 [notice] 1#1: OS: Linux 5.10.102.1-microsoft-standard-WSL2
2024/01/08 20:58:10 [notice] 1#1: getrlimit(RLIMIT_NOFILE): 1048576:1048576
2024/01/08 20:58:10 [notice] 1#1: start worker processes
2024/01/08 20:58:10 [notice] 1#1: start worker process 29
2024/01/08 20:58:10 [notice] 1#1: start worker process 30
2024/01/08 20:58:10 [notice] 1#1: start worker process 31
2024/01/08 20:58:10 [notice] 1#1: start worker process 32
2024/01/08 21:00:20 [error] 29#29: *1 directory index of "/usr/share/nginx/html/" is forbidden, client: 192.168.208.1, server: localhost, request: "GET / HTTP/1.1", host: "localhost:8080"
2024/01/08 21:00:21 [error] 29#29: *1 directory index of "/usr/share/nginx/html/" is forbidden, client: 192.168.208.1, server: localhost, request: "GET / HTTP/1.1", host: "localhost:8080"
2024/01/08 21:00:21 [error] 29#29: *1 directory index of "/usr/share/nginx/html/" is forbidden, client: 192.168.208.1, server: localhost, request: "GET / HTTP/1.1", host: "localhost:8080"
2024/01/08 21:00:21 [error] 29#29: *1 directory index of "/usr/share/nginx/html/" is forbidden, client: 192.168.208.1, server: localhost, request: "GET / HTTP/1.1", host: "localhost:8080"
2024/01/08 21:00:32 [error] 31#31: *3 directory index of "/usr/share/nginx/html/" is forbidden, client: 192.168.208.1, server: localhost, request: "GET / HTTP/1.1", host: "localhost:8080"
2024/01/08 21:11:15 [notice] 1#1: signal 3 (SIGQUIT) received, shutting down
2024/01/08 21:11:15 [notice] 29#29: gracefully shutting down
2024/01/08 21:11:15 [notice] 29#29: exiting
2024/01/08 21:11:15 [notice] 30#30: gracefully shutting down
2024/01/08 21:11:15 [notice] 30#30: exiting
2024/01/08 21:11:15 [notice] 31#31: gracefully shutting down
2024/01/08 21:11:15 [notice] 31#31: exiting
2024/01/08 21:11:15 [notice] 32#32: gracefully shutting down
2024/01/08 21:11:15 [notice] 32#32: exiting
2024/01/08 21:11:15 [notice] 29#29: exit
2024/01/08 21:11:15 [notice] 30#30: exit
2024/01/08 21:11:15 [notice] 31#31: exit
2024/01/08 21:11:15 [notice] 32#32: exit
2024/01/08 21:11:15 [notice] 1#1: signal 17 (SIGCHLD) received from 30
2024/01/08 21:11:15 [notice] 1#1: worker process 29 exited with code 0
2024/01/08 21:11:15 [notice] 1#1: worker process 30 exited with code 0
2024/01/08 21:11:15 [notice] 1#1: signal 29 (SIGIO) received
2024/01/08 21:11:15 [notice] 1#1: signal 17 (SIGCHLD) received from 29
2024/01/08 21:11:15 [notice] 1#1: signal 17 (SIGCHLD) received from 32
2024/01/08 21:11:15 [notice] 1#1: worker process 31 exited with code 0
2024/01/08 21:11:15 [notice] 1#1: worker process 32 exited with code 0
2024/01/08 21:11:15 [notice] 1#1: exit
2024/01/08 21:11:35 [notice] 1#1: using the "epoll" event method
2024/01/08 21:11:35 [notice] 1#1: nginx/1.25.3
2024/01/08 21:11:35 [notice] 1#1: built by gcc 12.2.0 (Debian 12.2.0-14) 
2024/01/08 21:11:35 [notice] 1#1: OS: Linux 5.10.102.1-microsoft-standard-WSL2
2024/01/08 21:11:35 [notice] 1#1: getrlimit(RLIMIT_NOFILE): 1048576:1048576
2024/01/08 21:11:35 [notice] 1#1: start worker processes
2024/01/08 21:11:35 [notice] 1#1: start worker process 29
2024/01/08 21:11:35 [notice] 1#1: start worker process 30
2024/01/08 21:11:35 [notice] 1#1: start worker process 31
2024/01/08 21:11:35 [notice] 1#1: start worker process 32
2024/01/08 21:13:15 [notice] 1#1: signal 3 (SIGQUIT) received, shutting down
2024/01/08 21:13:15 [notice] 30#30: gracefully shutting down
2024/01/08 21:13:15 [notice] 30#30: exiting
2024/01/08 21:13:15 [notice] 29#29: gracefully shutting down
2024/01/08 21:13:15 [notice] 31#31: gracefully shutting down
2024/01/08 21:13:15 [notice] 32#32: gracefully shutting down
2024/01/08 21:13:15 [notice] 29#29: exiting
2024/01/08 21:13:15 [notice] 30#30: exit
2024/01/08 21:13:15 [notice] 29#29: exit
2024/01/08 21:13:15 [notice] 31#31: exiting
2024/01/08 21:13:15 [notice] 31#31: exit
2024/01/08 21:13:15 [notice] 32#32: exiting
2024/01/08 21:13:15 [notice] 32#32: exit
2024/01/08 21:13:15 [notice] 1#1: signal 17 (SIGCHLD) received from 30
2024/01/08 21:13:15 [notice] 1#1: worker process 29 exited with code 0
2024/01/08 21:13:15 [notice] 1#1: worker process 30 exited with code 0
2024/01/08 21:13:15 [notice] 1#1: signal 29 (SIGIO) received
2024/01/08 21:13:15 [notice] 1#1: signal 17 (SIGCHLD) received from 29
2024/01/08 21:13:15 [notice] 1#1: worker process 31 exited with code 0
2024/01/08 21:13:15 [notice] 1#1: worker process 32 exited with code 0
2024/01/08 21:13:15 [notice] 1#1: exit
